<?xml version="1.0" encoding="UTF-8"?>
<!-- Generated by org.testng.reporters.JUnitReportReporter -->
<testsuite skipped="2" hostname="DESKTOP-V4GQ2UC" name="module6.DisableEnable" tests="7" failures="0" timestamp="11 Jun 2019 03:29:24 GMT" time="12.757" errors="0">
  <testcase name="OpenBrowser" time="5.354" classname="module6.DisableEnable"/>
  <testcase name="OpenAUT" time="2.578" classname="module6.DisableEnable"/>
  <testcase name="TestRegisterLink" time="1.759" classname="module6.DisableEnable"/>
  <testcase name="TestSupportLink" time="1.330" classname="module6.DisableEnable"/>
  <testcase name="CloseBrowser" time="1.736" classname="module6.DisableEnable"/>
  <testcase name="Login" classname="module6.DisableEnable">
    <skipped/>
  </testcase> <!-- Login -->
  <testcase name="Logout" classname="module6.DisableEnable">
    <skipped/>
  </testcase> <!-- Logout -->
</testsuite> <!-- module6.DisableEnable -->
