<?xml version="1.0" encoding="UTF-8"?>
<!-- Generated by org.testng.reporters.JUnitReportReporter -->
<testsuite skipped="0" hostname="DESKTOP-V4GQ2UC" name="module6.NewTest" tests="1" failures="0" timestamp="12 Jun 2019 03:09:25 GMT" time="16.790" errors="0">
  <testcase name="TestLogin" time="16.790" classname="module6.NewTest"/>
</testsuite> <!-- module6.NewTest -->
