<?xml version="1.0" encoding="UTF-8"?>
<!-- Generated by org.testng.reporters.JUnitReportReporter -->
<testsuite skipped="0" hostname="DESKTOP-V4GQ2UC" name="module6.Grouping" tests="4" failures="0" timestamp="12 Jun 2019 01:58:21 GMT" time="0.063" errors="0">
  <testcase name="TC9" time="0.009" classname="module6.Grouping"/>
  <testcase name="TC1" time="0.045" classname="module6.Grouping"/>
  <testcase name="TC7" time="0.003" classname="module6.Grouping"/>
  <testcase name="TC4" time="0.006" classname="module6.Grouping"/>
</testsuite> <!-- module6.Grouping -->
