<?xml version="1.0" encoding="UTF-8"?>
<!-- Generated by org.testng.reporters.JUnitReportReporter -->
<testsuite skipped="1" hostname="DESKTOP-V4GQ2UC" name="module9.TestCase.DDT1" tests="1" failures="0" timestamp="24 Jun 2019 11:33:40 GMT" time="0.000" errors="0">
  <testcase name="FormFill" time="0.000" classname="module9.TestCase.DDT1">
    <skipped/>
  </testcase> <!-- FormFill -->
</testsuite> <!-- module9.TestCase.DDT1 -->
