<?xml version="1.0" encoding="UTF-8"?>
<!-- Generated by org.testng.reporters.JUnitReportReporter -->
<testsuite skipped="0" hostname="DESKTOP-V4GQ2UC" name="module7.GridExampleTest2" tests="2" failures="0" timestamp="18 Jun 2019 01:12:17 GMT" time="6.031" errors="0">
  <testcase name="testGooglePageTitle" time="1.648" classname="module7.GridExampleTest2"/>
  <testcase name="testGooglePageTitle" time="4.383" classname="module7.GridExampleTest2"/>
</testsuite> <!-- module7.GridExampleTest2 -->
