<?xml version="1.0" encoding="UTF-8"?>
<!-- Generated by org.testng.reporters.JUnitReportReporter -->
<testsuite skipped="0" hostname="DESKTOP-V4GQ2UC" name="module6.Annotations" tests="1" failures="0" timestamp="11 Jun 2019 02:40:29 GMT" time="0.021" errors="0">
  <testcase name="Test1" time="0.021" classname="module6.Annotations"/>
</testsuite> <!-- module6.Annotations -->
