<?xml version="1.0" encoding="UTF-8"?>
<!-- Generated by org.testng.reporters.JUnitReportReporter -->
<testsuite skipped="0" hostname="DESKTOP-V4GQ2UC" name="module7.GridExampleTest" tests="2" failures="0" timestamp="18 Jun 2019 02:32:35 GMT" time="37.302" errors="0">
  <testcase name="testGooglePageTitle" time="18.560" classname="module7.GridExampleTest"/>
  <testcase name="testGooglePageTitle" time="18.742" classname="module7.GridExampleTest"/>
</testsuite> <!-- module7.GridExampleTest -->
