<?xml version="1.0" encoding="UTF-8"?>
<!-- Generated by org.testng.reporters.JUnitReportReporter -->
<testsuite skipped="2" hostname="DESKTOP-V4GQ2UC" name="module7.TestGridClass" tests="5" failures="0" timestamp="17 Jun 2019 16:07:09 GMT" time="60.698" errors="2">
  <testcase name="launchbrowser" time="50.868" classname="module7.TestGridClass">
    <error type="org.openqa.selenium.WebDriverException" message="Unable to connect to host 127.0.0.1 on port 7055 after 45000 ms. Firefox console output:
&quot;:&quot;59.0b5&quot;,&quot;maxVersion&quot;:null}],&quot;targetPlatforms&quot;:[],&quot;seen&quot;:true,&quot;dependencies&quot;:[],&quot;incognito&quot;:&quot;spanning&quot;,&quot;userPermissions&quot;:{&quot;permissions&quot;:[&quot;webRequest&quot;,&quot;webRequestBlocking&quot;],&quot;origins&quot;:[&quot;&lt;all_urls&gt;&quot;]},&quot;icons&quot;:{},&quot;iconURL&quot;:null,&quot;blocklistState&quot;:0,&quot;blocklistURL&quot;:null,&quot;startupData&quot;:null,&quot;hidden&quot;:true,&quot;installTelemetryInfo&quot;:null,&quot;rootURI&quot;:&quot;jar:file:///C:/Program%20Files/Mozilla%20Firefox/browser/features/webcompat@mozilla.org.xpi!/&quot;,&quot;location&quot;:&quot;app-system-defaults&quot;}
1560787586760	addons.xpi-utils	DEBUG	Updating add-on states
1560787586761	addons.xpi-utils	DEBUG	Error: Synchronously loading the add-ons database(resource://gre/modules/addons/XPIDatabase.jsm:1310:15) JS Stack trace: syncLoadDB@XPIDatabase.jsm:1310:15
startup@XPIProvider.jsm:2242:23
callProvider@AddonManager.jsm:204:31
_startProvider@AddonManager.jsm:655:5
startup@AddonManager.jsm:811:14
startup@AddonManager.jsm:2804:26
observe@addonManager.js:65:29
1560787586765	addons.xpi	DEBUG	Calling bootstrap method startup on formautofill@mozilla.org version 1.0
1560787586767	addons.xpi	DEBUG	Calling bootstrap method startup on fxmonitor@mozilla.org version 3.0
1560787586768	addons.xpi	DEBUG	Calling bootstrap method startup on screenshots@mozilla.org version 37.1.0
1560787586769	addons.xpi	DEBUG	Calling bootstrap method startup on webcompat@mozilla.org version 4.0.0
1560787586771	addons.manager	DEBUG	Registering shutdown blocker for XPIProvider
1560787586771	addons.manager	DEBUG	Provider finished startup: XPIProvider
1560787586771	addons.manager	DEBUG	Starting provider: LightweightThemeManager
1560787586772	addons.manager	DEBUG	Registering shutdown blocker for LightweightThemeManager
1560787586772	addons.manager	DEBUG	Provider finished startup: LightweightThemeManager
1560787586773	addons.manager	DEBUG	Starting provider: GMPProvider
1560787586775	addons.manager	DEBUG	Registering shutdown blocker for GMPProvider
1560787586776	addons.manager	DEBUG	Provider finished startup: GMPProvider
1560787586776	addons.manager	DEBUG	Starting provider: PluginProvider
1560787586776	addons.manager	DEBUG	Registering shutdown blocker for PluginProvider
1560787586776	addons.manager	DEBUG	Provider finished startup: PluginProvider
1560787586782	addons.manager	DEBUG	Completed startup sequence
1560787587852	addons.repository	DEBUG	No addons.json found.
1560787588900	addons.manager	DEBUG	Registering upgrade listener for formautofill@mozilla.org
1560787588970	addons.xpi	DEBUG	Ignoring file: name is not a valid add-on ID: C:\Users\Nikasio\AppData\Local\Temp\anonymous7734914629810926307webdriver-profile\extensions\webdriver-staging
1560787588971	addons.xpi	DEBUG	Existing add-on formautofill@mozilla.org in app-system-defaults
1560787588972	addons.xpi	DEBUG	Existing add-on fxmonitor@mozilla.org in app-system-defaults
1560787588972	addons.xpi	DEBUG	Existing add-on screenshots@mozilla.org in app-system-defaults
1560787588972	addons.xpi	DEBUG	Existing add-on webcompat-reporter@mozilla.org in app-system-defaults
1560787588972	addons.xpi	DEBUG	Existing add-on webcompat@mozilla.org in app-system-defaults
1560787588973	addons.xpi	WARN	Ignoring missing add-on in C:\Program Files (x86)\Internet Download Manager\idmmzcc3.xpi
1560787588974	addons.xpi	DEBUG	scanForChanges changed: false, state: {}
JavaScript error: resource://gre/modules/addons/XPIProvider.jsm, line 2706: TypeError: addon is null
1560787606865	addons.productaddons	INFO	sending request to: https://aus5.mozilla.org/update/3/GMP/67.0/20190516215225/WINNT_x86_64-msvc-x64/en-US/release/Windows_NT%2010.0.0.0.18362.175%20(x64)/default/default/update.xml
1560787607341	addons.productaddons	INFO	Completed downloading document
1560787612519	addons.productaddons	INFO	downloadXHR File download. status=200
1560787612527	addons.productaddons	INFO	Downloaded file will be saved to C:\Users\Nikasio\AppData\Local\Temp\tmpaddon
1560787614163	addons.productaddons	INFO	downloadXHR File download. status=200
1560787614167	addons.productaddons	INFO	Downloaded file will be saved to C:\Users\Nikasio\AppData\Local\Temp\tmpaddon-f30f2d

Command duration or timeout: 49.67 seconds">
      <![CDATA[org.openqa.selenium.WebDriverException: Unable to connect to host 127.0.0.1 on port 7055 after 45000 ms. Firefox console output:
":"59.0b5","maxVersion":null}],"targetPlatforms":[],"seen":true,"dependencies":[],"incognito":"spanning","userPermissions":{"permissions":["webRequest","webRequestBlocking"],"origins":["<all_urls>"]},"icons":{},"iconURL":null,"blocklistState":0,"blocklistURL":null,"startupData":null,"hidden":true,"installTelemetryInfo":null,"rootURI":"jar:file:///C:/Program%20Files/Mozilla%20Firefox/browser/features/webcompat@mozilla.org.xpi!/","location":"app-system-defaults"}
1560787586760addons.xpi-utilsDEBUGUpdating add-on states
1560787586761addons.xpi-utilsDEBUGError: Synchronously loading the add-ons database(resource://gre/modules/addons/XPIDatabase.jsm:1310:15) JS Stack trace: syncLoadDB@XPIDatabase.jsm:1310:15
startup@XPIProvider.jsm:2242:23
callProvider@AddonManager.jsm:204:31
_startProvider@AddonManager.jsm:655:5
startup@AddonManager.jsm:811:14
startup@AddonManager.jsm:2804:26
observe@addonManager.js:65:29
1560787586765addons.xpiDEBUGCalling bootstrap method startup on formautofill@mozilla.org version 1.0
1560787586767addons.xpiDEBUGCalling bootstrap method startup on fxmonitor@mozilla.org version 3.0
1560787586768addons.xpiDEBUGCalling bootstrap method startup on screenshots@mozilla.org version 37.1.0
1560787586769addons.xpiDEBUGCalling bootstrap method startup on webcompat@mozilla.org version 4.0.0
1560787586771addons.managerDEBUGRegistering shutdown blocker for XPIProvider
1560787586771addons.managerDEBUGProvider finished startup: XPIProvider
1560787586771addons.managerDEBUGStarting provider: LightweightThemeManager
1560787586772addons.managerDEBUGRegistering shutdown blocker for LightweightThemeManager
1560787586772addons.managerDEBUGProvider finished startup: LightweightThemeManager
1560787586773addons.managerDEBUGStarting provider: GMPProvider
1560787586775addons.managerDEBUGRegistering shutdown blocker for GMPProvider
1560787586776addons.managerDEBUGProvider finished startup: GMPProvider
1560787586776addons.managerDEBUGStarting provider: PluginProvider
1560787586776addons.managerDEBUGRegistering shutdown blocker for PluginProvider
1560787586776addons.managerDEBUGProvider finished startup: PluginProvider
1560787586782addons.managerDEBUGCompleted startup sequence
1560787587852addons.repositoryDEBUGNo addons.json found.
1560787588900addons.managerDEBUGRegistering upgrade listener for formautofill@mozilla.org
1560787588970addons.xpiDEBUGIgnoring file: name is not a valid add-on ID: C:\Users\Nikasio\AppData\Local\Temp\anonymous7734914629810926307webdriver-profile\extensions\webdriver-staging
1560787588971addons.xpiDEBUGExisting add-on formautofill@mozilla.org in app-system-defaults
1560787588972addons.xpiDEBUGExisting add-on fxmonitor@mozilla.org in app-system-defaults
1560787588972addons.xpiDEBUGExisting add-on screenshots@mozilla.org in app-system-defaults
1560787588972addons.xpiDEBUGExisting add-on webcompat-reporter@mozilla.org in app-system-defaults
1560787588972addons.xpiDEBUGExisting add-on webcompat@mozilla.org in app-system-defaults
1560787588973addons.xpiWARNIgnoring missing add-on in C:\Program Files (x86)\Internet Download Manager\idmmzcc3.xpi
1560787588974addons.xpiDEBUGscanForChanges changed: false, state: {}
JavaScript error: resource://gre/modules/addons/XPIProvider.jsm, line 2706: TypeError: addon is null
1560787606865addons.productaddonsINFOsending request to: https://aus5.mozilla.org/update/3/GMP/67.0/20190516215225/WINNT_x86_64-msvc-x64/en-US/release/Windows_NT%2010.0.0.0.18362.175%20(x64)/default/default/update.xml
1560787607341addons.productaddonsINFOCompleted downloading document
1560787612519addons.productaddonsINFOdownloadXHR File download. status=200
1560787612527addons.productaddonsINFODownloaded file will be saved to C:\Users\Nikasio\AppData\Local\Temp\tmpaddon
1560787614163addons.productaddonsINFOdownloadXHR File download. status=200
1560787614167addons.productaddonsINFODownloaded file will be saved to C:\Users\Nikasio\AppData\Local\Temp\tmpaddon-f30f2d

Command duration or timeout: 49.67 seconds
at sun.reflect.NativeConstructorAccessorImpl.newInstance0(Native Method)
at sun.reflect.NativeConstructorAccessorImpl.newInstance(Unknown Source)
at sun.reflect.DelegatingConstructorAccessorImpl.newInstance(Unknown Source)
at java.lang.reflect.Constructor.newInstance(Unknown Source)
at org.openqa.selenium.remote.ErrorHandler.createThrowable(ErrorHandler.java:215)
at org.openqa.selenium.remote.ErrorHandler.throwIfResponseFailed(ErrorHandler.java:167)
at org.openqa.selenium.remote.JsonWireProtocolResponse.lambda$new$0(JsonWireProtocolResponse.java:53)
at org.openqa.selenium.remote.JsonWireProtocolResponse.lambda$getResponseFunction$2(JsonWireProtocolResponse.java:91)
at org.openqa.selenium.remote.ProtocolHandshake.lambda$createSession$22(ProtocolHandshake.java:365)
at java.util.stream.ReferencePipeline$3$1.accept(Unknown Source)
at java.util.Spliterators$ArraySpliterator.tryAdvance(Unknown Source)
at java.util.stream.ReferencePipeline.forEachWithCancel(Unknown Source)
at java.util.stream.AbstractPipeline.copyIntoWithCancel(Unknown Source)
at java.util.stream.AbstractPipeline.copyInto(Unknown Source)
at java.util.stream.AbstractPipeline.wrapAndCopyInto(Unknown Source)
at java.util.stream.FindOps$FindOp.evaluateSequential(Unknown Source)
at java.util.stream.AbstractPipeline.evaluate(Unknown Source)
at java.util.stream.ReferencePipeline.findFirst(Unknown Source)
at org.openqa.selenium.remote.ProtocolHandshake.createSession(ProtocolHandshake.java:368)
at org.openqa.selenium.remote.ProtocolHandshake.createSession(ProtocolHandshake.java:159)
at org.openqa.selenium.remote.HttpCommandExecutor.execute(HttpCommandExecutor.java:142)
at org.openqa.selenium.remote.RemoteWebDriver.execute(RemoteWebDriver.java:637)
at org.openqa.selenium.remote.RemoteWebDriver.startSession(RemoteWebDriver.java:250)
at org.openqa.selenium.remote.RemoteWebDriver.startSession(RemoteWebDriver.java:236)
at org.openqa.selenium.remote.RemoteWebDriver.<init>(RemoteWebDriver.java:137)
at org.openqa.selenium.remote.RemoteWebDriver.<init>(RemoteWebDriver.java:174)
at module7.TestGridClass.launchbrowser(TestGridClass.java:33)
at sun.reflect.NativeMethodAccessorImpl.invoke0(Native Method)
at sun.reflect.NativeMethodAccessorImpl.invoke(Unknown Source)
at sun.reflect.DelegatingMethodAccessorImpl.invoke(Unknown Source)
at java.lang.reflect.Method.invoke(Unknown Source)
at org.testng.internal.MethodInvocationHelper.invokeMethod(MethodInvocationHelper.java:124)
at org.testng.internal.MethodInvocationHelper.invokeMethodConsideringTimeout(MethodInvocationHelper.java:59)
at org.testng.internal.Invoker.invokeConfigurationMethod(Invoker.java:458)
at org.testng.internal.Invoker.invokeConfigurations(Invoker.java:222)
at org.testng.internal.Invoker.invokeConfigurations(Invoker.java:142)
at org.testng.TestRunner.beforeRun(TestRunner.java:529)
at org.testng.TestRunner.run(TestRunner.java:497)
at org.testng.SuiteRunner.runTest(SuiteRunner.java:455)
at org.testng.SuiteRunner.access$000(SuiteRunner.java:40)
at org.testng.SuiteRunner$SuiteWorker.run(SuiteRunner.java:489)
at org.testng.internal.thread.ThreadUtil$1.call(ThreadUtil.java:52)
at java.util.concurrent.FutureTask.run(Unknown Source)
at java.util.concurrent.ThreadPoolExecutor.runWorker(Unknown Source)
at java.util.concurrent.ThreadPoolExecutor$Worker.run(Unknown Source)
at java.lang.Thread.run(Unknown Source)
Caused by: org.openqa.selenium.remote.ErrorHandler$UnknownServerException: Unable to connect to host 127.0.0.1 on port 7055 after 45000 ms. Firefox console output:
":"59.0b5","maxVersion":null}],"targetPlatforms":[],"seen":true,"dependencies":[],"incognito":"spanning","userPermissions":{"permissions":["webRequest","webRequestBlocking"],"origins":["<all_urls>"]},"icons":{},"iconURL":null,"blocklistState":0,"blocklistURL":null,"startupData":null,"hidden":true,"installTelemetryInfo":null,"rootURI":"jar:file:///C:/Program%20Files/Mozilla%20Firefox/browser/features/webcompat@mozilla.org.xpi!/","location":"app-system-defaults"}
1560787586760addons.xpi-utilsDEBUGUpdating add-on states
1560787586761addons.xpi-utilsDEBUGError: Synchronously loading the add-ons database(resource://gre/modules/addons/XPIDatabase.jsm:1310:15) JS Stack trace: syncLoadDB@XPIDatabase.jsm:1310:15
startup@XPIProvider.jsm:2242:23
callProvider@AddonManager.jsm:204:31
_startProvider@AddonManager.jsm:655:5
startup@AddonManager.jsm:811:14
startup@AddonManager.jsm:2804:26
observe@addonManager.js:65:29
1560787586765addons.xpiDEBUGCalling bootstrap method startup on formautofill@mozilla.org version 1.0
1560787586767addons.xpiDEBUGCalling bootstrap method startup on fxmonitor@mozilla.org version 3.0
1560787586768addons.xpiDEBUGCalling bootstrap method startup on screenshots@mozilla.org version 37.1.0
1560787586769addons.xpiDEBUGCalling bootstrap method startup on webcompat@mozilla.org version 4.0.0
1560787586771addons.managerDEBUGRegistering shutdown blocker for XPIProvider
1560787586771addons.managerDEBUGProvider finished startup: XPIProvider
1560787586771addons.managerDEBUGStarting provider: LightweightThemeManager
1560787586772addons.managerDEBUGRegistering shutdown blocker for LightweightThemeManager
1560787586772addons.managerDEBUGProvider finished startup: LightweightThemeManager
1560787586773addons.managerDEBUGStarting provider: GMPProvider
1560787586775addons.managerDEBUGRegistering shutdown blocker for GMPProvider
1560787586776addons.managerDEBUGProvider finished startup: GMPProvider
1560787586776addons.managerDEBUGStarting provider: PluginProvider
1560787586776addons.managerDEBUGRegistering shutdown blocker for PluginProvider
1560787586776addons.managerDEBUGProvider finished startup: PluginProvider
1560787586782addons.managerDEBUGCompleted startup sequence
1560787587852addons.repositoryDEBUGNo addons.json found.
1560787588900addons.managerDEBUGRegistering upgrade listener for formautofill@mozilla.org
1560787588970addons.xpiDEBUGIgnoring file: name is not a valid add-on ID: C:\Users\Nikasio\AppData\Local\Temp\anonymous7734914629810926307webdriver-profile\extensions\webdriver-staging
1560787588971addons.xpiDEBUGExisting add-on formautofill@mozilla.org in app-system-defaults
1560787588972addons.xpiDEBUGExisting add-on fxmonitor@mozilla.org in app-system-defaults
1560787588972addons.xpiDEBUGExisting add-on screenshots@mozilla.org in app-system-defaults
1560787588972addons.xpiDEBUGExisting add-on webcompat-reporter@mozilla.org in app-system-defaults
1560787588972addons.xpiDEBUGExisting add-on webcompat@mozilla.org in app-system-defaults
1560787588973addons.xpiWARNIgnoring missing add-on in C:\Program Files (x86)\Internet Download Manager\idmmzcc3.xpi
1560787588974addons.xpiDEBUGscanForChanges changed: false, state: {}
JavaScript error: resource://gre/modules/addons/XPIProvider.jsm, line 2706: TypeError: addon is null
1560787606865addons.productaddonsINFOsending request to: https://aus5.mozilla.org/update/3/GMP/67.0/20190516215225/WINNT_x86_64-msvc-x64/en-US/release/Windows_NT%2010.0.0.0.18362.175%20(x64)/default/default/update.xml
1560787607341addons.productaddonsINFOCompleted downloading document
1560787612519addons.productaddonsINFOdownloadXHR File download. status=200
1560787612527addons.productaddonsINFODownloaded file will be saved to C:\Users\Nikasio\AppData\Local\Temp\tmpaddon
1560787614163addons.productaddonsINFOdownloadXHR File download. status=200
1560787614167addons.productaddonsINFODownloaded file will be saved to C:\Users\Nikasio\AppData\Local\Temp\tmpaddon-f30f2d

Build info: version: 'unknown', revision: 'unknown', time: 'unknown'
System info: host: 'DESKTOP-V4GQ2UC', ip: '192.168.1.4', os.name: 'Windows 10', os.arch: 'amd64', os.version: '10.0', java.version: '1.8.0_201'
Driver info: driver.version: FirefoxDriver
at org.openqa.selenium.firefox.internal.NewProfileExtensionConnection.start(NewProfileExtensionConnection.java:112)
at org.openqa.selenium.firefox.FirefoxDriver.startClient(FirefoxDriver.java:271)
at org.openqa.selenium.remote.RemoteWebDriver.<init>(RemoteWebDriver.java:119)
at org.openqa.selenium.firefox.FirefoxDriver.<init>(FirefoxDriver.java:218)
at org.openqa.selenium.firefox.FirefoxDriver.<init>(FirefoxDriver.java:211)
at org.openqa.selenium.firefox.FirefoxDriver.<init>(FirefoxDriver.java:129)
at sun.reflect.NativeConstructorAccessorImpl.newInstance0(Native Method)
at sun.reflect.NativeConstructorAccessorImpl.newInstance(Unknown Source)
at sun.reflect.DelegatingConstructorAccessorImpl.newInstance(Unknown Source)
at java.lang.reflect.Constructor.newInstance(Unknown Source)
at org.openqa.selenium.remote.server.FirefoxDriverProvider.callConstructor(FirefoxDriverProvider.java:91)
at org.openqa.selenium.remote.server.FirefoxDriverProvider.newInstance(FirefoxDriverProvider.java:68)
at org.openqa.selenium.remote.server.DefaultDriverFactory.newInstance(DefaultDriverFactory.java:60)
at org.openqa.selenium.remote.server.DefaultSession$BrowserCreator.call(DefaultSession.java:222)
at org.openqa.selenium.remote.server.DefaultSession$BrowserCreator.call(DefaultSession.java:1)
at java.util.concurrent.FutureTask.run(Unknown Source)
at org.openqa.selenium.remote.server.DefaultSession$1.run(DefaultSession.java:176)
... 3 more
]]>
    </error>
  </testcase> <!-- launchbrowser -->
  <testcase name="calculatepercent" time="0.000" classname="module7.TestGridClass">
    <skipped/>
  </testcase> <!-- calculatepercent -->
  <testcase name="launchbrowser" time="2.000" classname="module7.TestGridClass">
    <error type="org.openqa.selenium.WebDriverException" message="The best matching driver provider org.openqa.selenium.ie.InternetExplorerDriver can&#039;t create a new driver instance for Capabilities [{browserName=ie, version=, platform=ANY}]
Build info: version: &#039;2.53.0&#039;, revision: &#039;35ae25b&#039;, time: &#039;2016-03-15 17:00:58&#039;
System info: host: &#039;DESKTOP-8BMKDBU&#039;, ip: &#039;192.168.1.175&#039;, os.name: &#039;Windows 10&#039;, os.arch: &#039;amd64&#039;, os.version: &#039;10.0&#039;, java.version: &#039;1.8.0_181&#039;
Driver info: driver.version: unknown
Command duration or timeout: 542 milliseconds">
      <![CDATA[org.openqa.selenium.WebDriverException: The best matching driver provider org.openqa.selenium.ie.InternetExplorerDriver can't create a new driver instance for Capabilities [{browserName=ie, version=, platform=ANY}]
Build info: version: '2.53.0', revision: '35ae25b', time: '2016-03-15 17:00:58'
System info: host: 'DESKTOP-8BMKDBU', ip: '192.168.1.175', os.name: 'Windows 10', os.arch: 'amd64', os.version: '10.0', java.version: '1.8.0_181'
Driver info: driver.version: unknown
Command duration or timeout: 542 milliseconds
at sun.reflect.NativeConstructorAccessorImpl.newInstance0(Native Method)
at sun.reflect.NativeConstructorAccessorImpl.newInstance(Unknown Source)
at sun.reflect.DelegatingConstructorAccessorImpl.newInstance(Unknown Source)
at java.lang.reflect.Constructor.newInstance(Unknown Source)
at org.openqa.selenium.remote.ErrorHandler.createThrowable(ErrorHandler.java:215)
at org.openqa.selenium.remote.ErrorHandler.throwIfResponseFailed(ErrorHandler.java:167)
at org.openqa.selenium.remote.JsonWireProtocolResponse.lambda$new$0(JsonWireProtocolResponse.java:53)
at org.openqa.selenium.remote.JsonWireProtocolResponse.lambda$getResponseFunction$2(JsonWireProtocolResponse.java:91)
at org.openqa.selenium.remote.ProtocolHandshake.lambda$createSession$22(ProtocolHandshake.java:365)
at java.util.stream.ReferencePipeline$3$1.accept(Unknown Source)
at java.util.Spliterators$ArraySpliterator.tryAdvance(Unknown Source)
at java.util.stream.ReferencePipeline.forEachWithCancel(Unknown Source)
at java.util.stream.AbstractPipeline.copyIntoWithCancel(Unknown Source)
at java.util.stream.AbstractPipeline.copyInto(Unknown Source)
at java.util.stream.AbstractPipeline.wrapAndCopyInto(Unknown Source)
at java.util.stream.FindOps$FindOp.evaluateSequential(Unknown Source)
at java.util.stream.AbstractPipeline.evaluate(Unknown Source)
at java.util.stream.ReferencePipeline.findFirst(Unknown Source)
at org.openqa.selenium.remote.ProtocolHandshake.createSession(ProtocolHandshake.java:368)
at org.openqa.selenium.remote.ProtocolHandshake.createSession(ProtocolHandshake.java:159)
at org.openqa.selenium.remote.HttpCommandExecutor.execute(HttpCommandExecutor.java:142)
at org.openqa.selenium.remote.RemoteWebDriver.execute(RemoteWebDriver.java:637)
at org.openqa.selenium.remote.RemoteWebDriver.startSession(RemoteWebDriver.java:250)
at org.openqa.selenium.remote.RemoteWebDriver.startSession(RemoteWebDriver.java:236)
at org.openqa.selenium.remote.RemoteWebDriver.<init>(RemoteWebDriver.java:137)
at org.openqa.selenium.remote.RemoteWebDriver.<init>(RemoteWebDriver.java:174)
at module7.TestGridClass.launchbrowser(TestGridClass.java:60)
at sun.reflect.NativeMethodAccessorImpl.invoke0(Native Method)
at sun.reflect.NativeMethodAccessorImpl.invoke(Unknown Source)
at sun.reflect.DelegatingMethodAccessorImpl.invoke(Unknown Source)
at java.lang.reflect.Method.invoke(Unknown Source)
at org.testng.internal.MethodInvocationHelper.invokeMethod(MethodInvocationHelper.java:124)
at org.testng.internal.MethodInvocationHelper.invokeMethodConsideringTimeout(MethodInvocationHelper.java:59)
at org.testng.internal.Invoker.invokeConfigurationMethod(Invoker.java:458)
at org.testng.internal.Invoker.invokeConfigurations(Invoker.java:222)
at org.testng.internal.Invoker.invokeConfigurations(Invoker.java:142)
at org.testng.TestRunner.beforeRun(TestRunner.java:529)
at org.testng.TestRunner.run(TestRunner.java:497)
at org.testng.SuiteRunner.runTest(SuiteRunner.java:455)
at org.testng.SuiteRunner.access$000(SuiteRunner.java:40)
at org.testng.SuiteRunner$SuiteWorker.run(SuiteRunner.java:489)
at org.testng.internal.thread.ThreadUtil$1.call(ThreadUtil.java:52)
at java.util.concurrent.FutureTask.run(Unknown Source)
at java.util.concurrent.ThreadPoolExecutor.runWorker(Unknown Source)
at java.util.concurrent.ThreadPoolExecutor$Worker.run(Unknown Source)
at java.lang.Thread.run(Unknown Source)
Caused by: org.openqa.selenium.WebDriverException: The best matching driver provider org.openqa.selenium.ie.InternetExplorerDriver can't create a new driver instance for Capabilities [{browserName=ie, version=, platform=ANY}]
Build info: version: '2.53.0', revision: '35ae25b', time: '2016-03-15 17:00:58'
System info: host: 'DESKTOP-8BMKDBU', ip: '192.168.1.175', os.name: 'Windows 10', os.arch: 'amd64', os.version: '10.0', java.version: '1.8.0_181'
Driver info: driver.version: unknown
Build info: version: 'unknown', revision: 'unknown', time: 'unknown'
System info: host: 'DESKTOP-V4GQ2UC', ip: '192.168.1.4', os.name: 'Windows 10', os.arch: 'amd64', os.version: '10.0', java.version: '1.8.0_201'
Driver info: driver.version: unknown
at org.openqa.selenium.remote.server.DefaultDriverFactory.newInstance(DefaultDriverFactory.java:62)
at org.openqa.selenium.remote.server.DefaultSession$BrowserCreator.call(DefaultSession.java:222)
at org.openqa.selenium.remote.server.DefaultSession$BrowserCreator.call(DefaultSession.java:1)
at java.util.concurrent.FutureTask.run(Unknown Source)
at org.openqa.selenium.remote.server.DefaultSession$1.run(DefaultSession.java:176)
... 3 more
]]>
    </error>
  </testcase> <!-- launchbrowser -->
  <testcase name="calculatepercent" time="7.830" classname="module7.TestGridClass"/>
  <testcase name="calculatepercent" time="0.000" classname="module7.TestGridClass">
    <skipped/>
  </testcase> <!-- calculatepercent -->
</testsuite> <!-- module7.TestGridClass -->
