<?xml version="1.0" encoding="UTF-8"?>
<!-- Generated by org.testng.reporters.JUnitReportReporter -->
<testsuite skipped="0" hostname="DESKTOP-V4GQ2UC" name="module6.Scenario3" tests="3" failures="0" timestamp="12 Jun 2019 03:09:25 GMT" time="26.759" errors="0">
  <testcase name="openBrowser" time="11.192" classname="module6.Scenario3"/>
  <testcase name="login_TestCase" time="12.947" classname="module6.Scenario3"/>
  <testcase name="closeBrowser" time="2.620" classname="module6.Scenario3"/>
</testsuite> <!-- module6.Scenario3 -->
