<?xml version="1.0" encoding="UTF-8"?>
<!-- Generated by org.testng.reporters.JUnitReportReporter -->
<testsuite skipped="0" hostname="DESKTOP-V4GQ2UC" name="module6.Sequencing" tests="5" failures="0" timestamp="11 Jun 2019 03:04:08 GMT" time="0.075" errors="0">
  <testcase name="Madhurai" time="0.009" classname="module6.Sequencing"/>
  <testcase name="Hyderabad" time="0.020" classname="module6.Sequencing"/>
  <testcase name="Mumbai" time="0.008" classname="module6.Sequencing"/>
  <testcase name="Pune" time="0.002" classname="module6.Sequencing"/>
  <testcase name="Banglore" time="0.036" classname="module6.Sequencing"/>
</testsuite> <!-- module6.Sequencing -->
