<?xml version="1.0" encoding="UTF-8"?>
<!-- Generated by org.testng.reporters.JUnitReportReporter -->
<testsuite skipped="0" hostname="DESKTOP-V4GQ2UC" name="module6.Prioritization" tests="5" failures="0" timestamp="11 Jun 2019 03:07:55 GMT" time="0.052" errors="0">
  <testcase name="Pune" time="0.034" classname="module6.Prioritization"/>
  <testcase name="Banglore" time="0.002" classname="module6.Prioritization"/>
  <testcase name="Mumbai" time="0.011" classname="module6.Prioritization"/>
  <testcase name="Hyderabad" time="0.002" classname="module6.Prioritization"/>
  <testcase name="Madhurai" time="0.003" classname="module6.Prioritization"/>
</testsuite> <!-- module6.Prioritization -->
