<?xml version="1.0" encoding="UTF-8"?>
<!-- Generated by org.testng.reporters.JUnitReportReporter -->
<testsuite skipped="0" hostname="DESKTOP-V4GQ2UC" name="module6.Dependency" tests="5" failures="0" timestamp="11 Jun 2019 03:21:07 GMT" time="28.063" errors="0">
  <testcase name="OpenAUT" time="2.448" classname="module6.Dependency"/>
  <testcase name="Login" time="15.282" classname="module6.Dependency"/>
  <testcase name="Logout" time="4.573" classname="module6.Dependency"/>
  <testcase name="CloseBrowser" time="0.466" classname="module6.Dependency"/>
  <testcase name="OpenBrowser" time="5.294" classname="module6.Dependency"/>
</testsuite> <!-- module6.Dependency -->
